PROJECTS/GAMES/MULTIPOLY/ANDROID/app/build/outputs/logs/manifest-merger-debug-report.txt
-- Merging decision tree log ---
manifest
ADDED from src/main/AndroidManifest.xml:1:1-36:12
INJECTED from src/main/AndroidManifest.xml:1:1-36:12
INJECTED from src/main/AndroidManifest.xml:1:1-36:12
INJECTED from src/main/AndroidManifest.xml:1:1-36:12
INJECTED from src/main/AndroidManifest.xml:1:1-36:12
INJECTED from src/main/AndroidManifest.xml:1:1-36:12
INJECTED from src/main/AndroidManifest.xml:1:1-36:12
	package
		ADDED from src/main/AndroidManifest.xml:2:11-37
		INJECTED from src/main/AndroidManifest.xml
		INJECTED from src/main/AndroidManifest.xml
	android:versionName
		ADDED from src/main/AndroidManifest.xml:4:11-36
		INJECTED from src/main/AndroidManifest.xml
		INJECTED from src/main/AndroidManifest.xml
	xmlns:android
		ADDED from src/main/AndroidManifest.xml:1:11-69
	android:versionCode
		ADDED from src/main/AndroidManifest.xml:3:11-34
		INJECTED from src/main/AndroidManifest.xml
		INJECTED from src/main/AndroidManifest.xml
application
ADDED from src/main/AndroidManifest.xml:6:5-26:19
	android:label
		ADDED from src/main/AndroidManifest.xml:7:10-42
	android:hasCode
		ADDED from src/main/AndroidManifest.xml:9:10-33
	android:icon
		ADDED from src/main/AndroidManifest.xml:8:10-44
	android:allowBackup
		ADDED from src/main/AndroidManifest.xml:6:18-44
activity#android.app.NativeActivity
ADDED from src/main/AndroidManifest.xml:13:9-25:20
	android:screenOrientation
		ADDED from src/main/AndroidManifest.xml:15:19-56
	android:label
		ADDED from src/main/AndroidManifest.xml:14:19-51
	android:name
		ADDED from src/main/AndroidManifest.xml:13:19-60
meta-data#android.app.lib_name
ADDED from src/main/AndroidManifest.xml:18:13-19:63
	android:value
		ADDED from src/main/AndroidManifest.xml:19:24-60
	android:name
		ADDED from src/main/AndroidManifest.xml:18:24-59
intent-filter#android.intent.action.MAIN+android.intent.category.LAUNCHER
ADDED from src/main/AndroidManifest.xml:21:13-24:29
action#android.intent.action.MAIN
ADDED from src/main/AndroidManifest.xml:22:17-69
	android:name
		ADDED from src/main/AndroidManifest.xml:22:25-66
category#android.intent.category.LAUNCHER
ADDED from src/main/AndroidManifest.xml:23:17-77
	android:name
		ADDED from src/main/AndroidManifest.xml:23:27-74
uses-permission#android.permission.MODIFY_AUDIO_SETTINGS
ADDED from src/main/AndroidManifest.xml:28:5-80
	android:name
		ADDED from src/main/AndroidManifest.xml:28:22-77
uses-permission#android.permission.WRITE_EXTERNAL_STORAGE
ADDED from src/main/AndroidManifest.xml:29:5-81
	android:name
		ADDED from src/main/AndroidManifest.xml:29:22-78
uses-permission#android.permission.INTERNET
ADDED from src/main/AndroidManifest.xml:30:5-67
	android:name
		ADDED from src/main/AndroidManifest.xml:30:22-64
uses-permission#android.permission.VIBRATE
ADDED from src/main/AndroidManifest.xml:32:5-66
	android:name
		ADDED from src/main/AndroidManifest.xml:32:22-63
uses-feature#0x00020000
ADDED from src/main/AndroidManifest.xml:34:5-78
	android:glEsVersion
		ADDED from src/main/AndroidManifest.xml:34:19-51
	android:required
		ADDED from src/main/AndroidManifest.xml:34:52-75
uses-feature#android.hardware.wifi
ADDED from src/main/AndroidManifest.xml:35:5-58
	android:name
		ADDED from src/main/AndroidManifest.xml:35:19-55
uses-sdk
INJECTED from src/main/AndroidManifest.xml reason: use-sdk injection requested
INJECTED from src/main/AndroidManifest.xml
INJECTED from src/main/AndroidManifest.xml
INJECTED from src/main/AndroidManifest.xml
INJECTED from src/main/AndroidManifest.xml
	android:targetSdkVersion
		INJECTED from src/main/AndroidManifest.xml
		ADDED from src/main/AndroidManifest.xml
		INJECTED from src/main/AndroidManifest.xml
	android:minSdkVersion
		INJECTED from src/main/AndroidManifest.xml
		ADDED from src/main/AndroidManifest.xml
		INJECTED from src/main/AndroidManifest.xml